<?xml version="1.0" encoding="UTF-8"?>
<!-- Generated by org.testng.reporters.JUnitReportReporter -->
<testsuite hostname="DESKTOP-8QR48SQ" failures="0" tests="1" name="docker.add_put_delete" time="2.013" errors="0" timestamp="2023-09-12T15:10:04 IST" skipped="0">
  <testcase classname="docker.add_put_delete" name="put" time="2.013"/>
  <system-out/>
</testsuite> <!-- docker.add_put_delete -->
