<?xml version="1.0" encoding="UTF-8"?>
<!-- Generated by org.testng.reporters.JUnitReportReporter -->
<testsuite hostname="DESKTOP-8QR48SQ" failures="0" tests="2" name="docker.excelread" time="56.750" errors="0" timestamp="2023-09-12T14:25:14 IST" skipped="0">
  <testcase classname="docker.excelread" name="data" time="30.561"/>
  <system-out/>
  <testcase classname="docker.excelread" name="testbody" time="26.189"/>
  <system-out/>
</testsuite> <!-- docker.excelread -->
