<?xml version="1.0" encoding="UTF-8"?>
<!-- Generated by org.testng.reporters.JUnitReportReporter -->
<testsuite hostname="DESKTOP-8QR48SQ" failures="0" tests="1" name="project.model_price_comparision" time="51.775" errors="0" timestamp="2023-09-21T15:18:14 IST" skipped="0">
  <testcase classname="project.model_price_comparision" name="model_price" time="51.775"/>
  <system-out/>
</testsuite> <!-- project.model_price_comparision -->
