<?xml version="1.0" encoding="UTF-8"?>
<!-- Generated by org.testng.reporters.JUnitReportReporter -->
<testsuite hostname="DESKTOP-8QR48SQ" failures="0" tests="1" name="project.json" time="91.558" errors="0" timestamp="2023-09-21T11:21:10 IST" skipped="0">
  <testcase classname="project.json" name="parsing_json_response" time="91.558"/>
  <system-out/>
</testsuite> <!-- project.json -->
