<?xml version="1.0" encoding="UTF-8"?>
<!-- Generated by org.testng.reporters.JUnitReportReporter -->
<testsuite hostname="DESKTOP-8QR48SQ" failures="0" tests="1" name="project.maximum_comparison" time="48.474" errors="0" timestamp="2023-09-20T10:05:04 IST" skipped="0">
  <testcase classname="project.maximum_comparison" name="maximum" time="48.474"/>
  <system-out/>
</testsuite> <!-- project.maximum_comparison -->
