<?xml version="1.0" encoding="UTF-8"?>
<!-- Generated by org.testng.reporters.JUnitReportReporter -->
<testsuite hostname="DESKTOP-8QR48SQ" failures="0" tests="1" name="docker.pathandquery" time="28.158" errors="0" timestamp="2023-09-12T17:08:20 IST" skipped="0">
  <testcase classname="docker.pathandquery" name="pathquery" time="28.158"/>
  <system-out/>
</testsuite> <!-- docker.pathandquery -->
