<?xml version="1.0" encoding="UTF-8"?>
<!-- Generated by org.testng.reporters.JUnitReportReporter -->
<testsuite hostname="DESKTOP-8QR48SQ" failures="0" tests="1" name="project.delhi_min" time="33.826" errors="0" timestamp="2023-09-21T15:48:49 IST" skipped="0">
  <testcase classname="project.delhi_min" name="min" time="33.826"/>
  <system-out/>
</testsuite> <!-- project.delhi_min -->
