<?xml version="1.0" encoding="UTF-8"?>
<!-- Generated by org.testng.reporters.JUnitReportReporter -->
<testsuite hostname="DESKTOP-8QR48SQ" failures="0" tests="2" name="docker.cookiesdemo" time="5.947" errors="0" timestamp="2023-09-13T10:23:12 IST" skipped="0">
  <testcase classname="docker.cookiesdemo" name="cookies_value" time="0.648"/>
  <system-out/>
  <testcase classname="docker.cookiesdemo" name="cookie" time="5.299"/>
  <system-out/>
</testsuite> <!-- docker.cookiesdemo -->
