<?xml version="1.0" encoding="UTF-8"?>
<!-- Generated by org.testng.reporters.JUnitReportReporter -->
<testsuite hostname="DESKTOP-8QR48SQ" failures="0" tests="1" name="docker.ushop" time="22.895" errors="0" timestamp="2023-11-27T15:43:37 IST" skipped="0">
  <testcase classname="docker.ushop" name="shop" time="22.895"/>
  <system-out/>
</testsuite> <!-- docker.ushop -->
